/*C3*/SET SCHEMA PUBLIC
DISCONNECT
/*C4*/SET SCHEMA PUBLIC
DELETE FROM DOCUMENTOCOMERCIAL WHERE OID='40280e0082f9c16f0182f9c3dd8a0001'
INSERT INTO DOCUMENTOCOMERCIAL VALUES('Pedido','40280e0082f9c16f0182f9c3dd8a0001',2022,'2022-09-01',5,'',NULL,3,NULL,NULL,NULL,NULL,NULL,NULL,NULL,1207.58,209.58,21,1,FALSE,FALSE)
COMMIT
DELETE FROM DOCUMENTOCOMERCIAL WHERE OID='40280e0082f9c16f0182f9c3dd8a0001'
INSERT INTO DOCUMENTOCOMERCIAL VALUES('Pedido','40280e0082f9c16f0182f9c3dd8a0001',2022,'2022-09-01',5,'',NULL,3,NULL,NULL,NULL,NULL,NULL,NULL,NULL,1207.58,209.58,21,1,FALSE,TRUE)
COMMIT
DELETE FROM DOCUMENTOCOMERCIAL WHERE OID='40280e0082f9c16f0182f9c35bd20000'
INSERT INTO DOCUMENTOCOMERCIAL VALUES('Factura','40280e0082f9c16f0182f9c35bd20000',2022,'2022-09-01',4,'',NULL,3,NULL,NULL,NULL,NULL,NULL,NULL,NULL,724.79,125.79,21,1,FALSE,FALSE)
COMMIT
DELETE FROM DOCUMENTOCOMERCIAL WHERE OID='40280e0082f9c16f0182f9c35bd20000'
INSERT INTO DOCUMENTOCOMERCIAL VALUES('Factura','40280e0082f9c16f0182f9c35bd20000',2022,'2022-09-01',4,'',NULL,3,NULL,NULL,NULL,NULL,NULL,NULL,NULL,724.79,125.79,21,1,FALSE,TRUE)
COMMIT
DELETE FROM DOCUMENTOCOMERCIAL WHERE OID='40280e0082d008730182d00dd79c0001'
INSERT INTO DOCUMENTOCOMERCIAL VALUES('Factura','40280e0082d008730182d00dd79c0001',2022,'2022-08-24',3,'',NULL,3,NULL,NULL,NULL,NULL,NULL,NULL,NULL,41.14,7.14,21,1,FALSE,TRUE)
COMMIT
DELETE FROM DOCUMENTOCOMERCIAL WHERE OID='40280e0082b2a6ca0182b2a817fd0001'
INSERT INTO DOCUMENTOCOMERCIAL VALUES('Factura','40280e0082b2a6ca0182b2a817fd0001',2022,'2022-08-18',2,'',NULL,3,NULL,NULL,NULL,NULL,NULL,NULL,NULL,2415.16,419.16,21,1,FALSE,TRUE)
COMMIT
DELETE FROM DOCUMENTOCOMERCIAL WHERE OID='40280e0082b2a6ca0182b2a817fd0001'
INSERT INTO DOCUMENTOCOMERCIAL VALUES('Factura','40280e0082b2a6ca0182b2a817fd0001',2022,'2022-08-18',2,'',NULL,3,NULL,NULL,NULL,NULL,NULL,NULL,NULL,2415.16,419.16,21,1,FALSE,FALSE)
COMMIT
DELETE FROM DOCUMENTOCOMERCIAL WHERE OID='40280e0082d008730182d00dd79c0001'
INSERT INTO DOCUMENTOCOMERCIAL VALUES('Factura','40280e0082d008730182d00dd79c0001',2022,'2022-08-24',3,'',NULL,3,NULL,NULL,NULL,NULL,NULL,NULL,NULL,41.14,7.14,21,1,FALSE,FALSE)
COMMIT
DELETE FROM DOCUMENTOCOMERCIAL WHERE OID='40280e0082f9c16f0182f9c35bd20000'
INSERT INTO DOCUMENTOCOMERCIAL VALUES('Factura','40280e0082f9c16f0182f9c35bd20000',2022,'2022-09-01',4,'',NULL,3,NULL,NULL,NULL,NULL,NULL,NULL,NULL,724.79,125.79,21,1,FALSE,FALSE)
COMMIT
DELETE FROM DOCUMENTOCOMERCIAL WHERE OID='40280e0082d008730182d00d55980000'
INSERT INTO DOCUMENTOCOMERCIAL VALUES('Pedido','40280e0082d008730182d00d55980000',2022,'2022-08-30',4,'',NULL,2,NULL,NULL,NULL,NULL,NULL,NULL,NULL,61.71,10.71,21,1,FALSE,TRUE)
COMMIT
DELETE FROM DOCUMENTOCOMERCIAL WHERE OID='40280e0082d008730182d00d55980000'
INSERT INTO DOCUMENTOCOMERCIAL VALUES('Pedido','40280e0082d008730182d00d55980000',2022,'2022-08-30',4,'',NULL,2,NULL,NULL,NULL,NULL,NULL,NULL,NULL,61.71,10.71,21,1,FALSE,FALSE)
COMMIT
DELETE FROM DOCUMENTOCOMERCIAL WHERE OID='40280e0082f9c16f0182f9c3dd8a0001'
INSERT INTO DOCUMENTOCOMERCIAL VALUES('Pedido','40280e0082f9c16f0182f9c3dd8a0001',2022,'2022-09-01',5,'',NULL,3,NULL,NULL,NULL,NULL,NULL,NULL,NULL,1207.58,209.58,21,1,FALSE,FALSE)
COMMIT
DELETE FROM DOCUMENTOCOMERCIAL WHERE OID='40280e0082f9c16f0182f9c35bd20000'
INSERT INTO DOCUMENTOCOMERCIAL VALUES('Factura','40280e0082f9c16f0182f9c35bd20000',2022,'2022-09-01',4,'',NULL,3,NULL,NULL,NULL,NULL,NULL,NULL,NULL,724.79,125.79,21,1,FALSE,TRUE)
COMMIT
DELETE FROM DOCUMENTOCOMERCIAL WHERE OID='40280e0082f9c16f0182f9c3dd8a0001'
INSERT INTO DOCUMENTOCOMERCIAL VALUES('Pedido','40280e0082f9c16f0182f9c3dd8a0001',2022,'2022-09-01',5,'',NULL,3,NULL,NULL,NULL,NULL,NULL,NULL,NULL,1207.58,209.58,21,1,FALSE,TRUE)
COMMIT
